<?xml version="1.0" encoding="UTF-8"?>
<testsuite name="com.ohsangmin.test.springboot.web.HelloControllerTest" tests="2" skipped="0" failures="0" errors="0" timestamp="2020-05-04T08:59:45" hostname="APPLEui-MacBookPro.local" time="0.73">
  <properties/>
  <testcase name="hello가_리턴된다" classname="com.ohsangmin.test.springboot.web.HelloControllerTest" time="0.606"/>
  <testcase name="helloDto가_리턴된다" classname="com.ohsangmin.test.springboot.web.HelloControllerTest" time="0.122"/>
  <system-out><![CDATA[17:59:40.929 [Test worker] DEBUG org.springframework.test.context.junit4.SpringJUnit4ClassRunner - SpringJUnit4ClassRunner constructor called with [class com.ohsangmin.test.springboot.web.HelloControllerTest]
17:59:40.941 [Test worker] DEBUG org.springframework.test.context.BootstrapUtils - Instantiating CacheAwareContextLoaderDelegate from class [org.springframework.test.context.cache.DefaultCacheAwareContextLoaderDelegate]
17:59:40.952 [Test worker] DEBUG org.springframework.test.context.BootstrapUtils - Instantiating BootstrapContext using constructor [public org.springframework.test.context.support.DefaultBootstrapContext(java.lang.Class,org.springframework.test.context.CacheAwareContextLoaderDelegate)]
17:59:40.980 [Test worker] DEBUG org.springframework.test.context.BootstrapUtils - Instantiating TestContextBootstrapper for test class [com.ohsangmin.test.springboot.web.HelloControllerTest] from class [org.springframework.boot.test.autoconfigure.web.servlet.WebMvcTestContextBootstrapper]
17:59:41.012 [Test worker] INFO org.springframework.boot.test.autoconfigure.web.servlet.WebMvcTestContextBootstrapper - Neither @ContextConfiguration nor @ContextHierarchy found for test class [com.ohsangmin.test.springboot.web.HelloControllerTest], using SpringBootContextLoader
17:59:41.017 [Test worker] DEBUG org.springframework.test.context.support.AbstractContextLoader - Did not detect default resource location for test class [com.ohsangmin.test.springboot.web.HelloControllerTest]: class path resource [com/ohsangmin/test/springboot/web/HelloControllerTest-context.xml] does not exist
17:59:41.018 [Test worker] DEBUG org.springframework.test.context.support.AbstractContextLoader - Did not detect default resource location for test class [com.ohsangmin.test.springboot.web.HelloControllerTest]: class path resource [com/ohsangmin/test/springboot/web/HelloControllerTestContext.groovy] does not exist
17:59:41.019 [Test worker] INFO org.springframework.test.context.support.AbstractContextLoader - Could not detect default resource locations for test class [com.ohsangmin.test.springboot.web.HelloControllerTest]: no resource found for suffixes {-context.xml, Context.groovy}.
17:59:41.020 [Test worker] INFO org.springframework.test.context.support.AnnotationConfigContextLoaderUtils - Could not detect default configuration classes for test class [com.ohsangmin.test.springboot.web.HelloControllerTest]: HelloControllerTest does not declare any static, non-private, non-final, nested classes annotated with @Configuration.
17:59:41.131 [Test worker] DEBUG org.springframework.test.context.support.ActiveProfilesUtils - Could not find an 'annotation declaring class' for annotation type [org.springframework.test.context.ActiveProfiles] and class [com.ohsangmin.test.springboot.web.HelloControllerTest]
17:59:41.245 [Test worker] DEBUG org.springframework.context.annotation.ClassPathScanningCandidateComponentProvider - Identified candidate component class: file [/Users/apple/IdeaProjects/Test/build/classes/java/main/com/ohsangmin/test/springboot/Application.class]
17:59:41.250 [Test worker] INFO org.springframework.boot.test.context.SpringBootTestContextBootstrapper - Found @SpringBootConfiguration com.ohsangmin.test.springboot.Application for test class com.ohsangmin.test.springboot.web.HelloControllerTest
17:59:41.255 [Test worker] DEBUG org.springframework.boot.test.autoconfigure.web.servlet.WebMvcTestContextBootstrapper - @TestExecutionListeners is not present for class [com.ohsangmin.test.springboot.web.HelloControllerTest]: using defaults.
17:59:41.257 [Test worker] INFO org.springframework.boot.test.autoconfigure.web.servlet.WebMvcTestContextBootstrapper - Loaded default TestExecutionListener class names from location [META-INF/spring.factories]: [org.springframework.security.test.context.support.WithSecurityContextTestExecutionListener, org.springframework.security.test.context.support.ReactorContextTestExecutionListener, org.springframework.boot.test.autoconfigure.restdocs.RestDocsTestExecutionListener, org.springframework.boot.test.autoconfigure.web.client.MockRestServiceServerResetTestExecutionListener, org.springframework.boot.test.autoconfigure.web.servlet.MockMvcPrintOnlyOnFailureTestExecutionListener, org.springframework.boot.test.autoconfigure.web.servlet.WebDriverTestExecutionListener, org.springframework.boot.test.mock.mockito.MockitoTestExecutionListener, org.springframework.boot.test.mock.mockito.ResetMocksTestExecutionListener, org.springframework.test.context.web.ServletTestExecutionListener, org.springframework.test.context.support.DirtiesContextBeforeModesTestExecutionListener, org.springframework.test.context.support.DependencyInjectionTestExecutionListener, org.springframework.test.context.support.DirtiesContextTestExecutionListener, org.springframework.test.context.transaction.TransactionalTestExecutionListener, org.springframework.test.context.jdbc.SqlScriptsTestExecutionListener]
17:59:41.282 [Test worker] INFO org.springframework.boot.test.autoconfigure.web.servlet.WebMvcTestContextBootstrapper - Using TestExecutionListeners: [org.springframework.test.context.web.ServletTestExecutionListener@4a0372ed, org.springframework.test.context.support.DirtiesContextBeforeModesTestExecutionListener@3c785227, org.springframework.boot.test.mock.mockito.MockitoTestExecutionListener@46232edb, org.springframework.boot.test.autoconfigure.SpringBootDependencyInjectionTestExecutionListener@618817c9, org.springframework.test.context.support.DirtiesContextTestExecutionListener@304d950f, org.springframework.test.context.transaction.TransactionalTestExecutionListener@4e5a104b, org.springframework.test.context.jdbc.SqlScriptsTestExecutionListener@11d0aaad, org.springframework.security.test.context.support.WithSecurityContextTestExecutionListener@30c7c101, org.springframework.security.test.context.support.ReactorContextTestExecutionListener@6c7ecffb, org.springframework.boot.test.autoconfigure.restdocs.RestDocsTestExecutionListener@72b85277, org.springframework.boot.test.autoconfigure.web.client.MockRestServiceServerResetTestExecutionListener@66a91b4f, org.springframework.boot.test.autoconfigure.web.servlet.MockMvcPrintOnlyOnFailureTestExecutionListener@68680152, org.springframework.boot.test.autoconfigure.web.servlet.WebDriverTestExecutionListener@72f30ab3, org.springframework.boot.test.mock.mockito.ResetMocksTestExecutionListener@4268c570]
17:59:41.287 [Test worker] DEBUG org.springframework.test.annotation.ProfileValueUtils - Retrieved @ProfileValueSourceConfiguration [null] for test class [com.ohsangmin.test.springboot.web.HelloControllerTest]
17:59:41.288 [Test worker] DEBUG org.springframework.test.annotation.ProfileValueUtils - Retrieved ProfileValueSource type [class org.springframework.test.annotation.SystemProfileValueSource] for class [com.ohsangmin.test.springboot.web.HelloControllerTest]
17:59:41.289 [Test worker] DEBUG org.springframework.test.annotation.ProfileValueUtils - Retrieved @ProfileValueSourceConfiguration [null] for test class [com.ohsangmin.test.springboot.web.HelloControllerTest]
17:59:41.290 [Test worker] DEBUG org.springframework.test.annotation.ProfileValueUtils - Retrieved ProfileValueSource type [class org.springframework.test.annotation.SystemProfileValueSource] for class [com.ohsangmin.test.springboot.web.HelloControllerTest]
17:59:41.298 [Test worker] DEBUG org.springframework.test.context.support.AbstractDirtiesContextTestExecutionListener - Before test class: context [DefaultTestContext@5287cd82 testClass = HelloControllerTest, testInstance = [null], testMethod = [null], testException = [null], mergedContextConfiguration = [WebMergedContextConfiguration@ee88e44 testClass = HelloControllerTest, locations = '{}', classes = '{class com.ohsangmin.test.springboot.Application}', contextInitializerClasses = '[]', activeProfiles = '{}', propertySourceLocations = '{}', propertySourceProperties = '{org.springframework.boot.test.autoconfigure.web.servlet.WebMvcTestContextBootstrapper=true}', contextCustomizers = set[org.springframework.boot.test.autoconfigure.OverrideAutoConfigurationContextCustomizerFactory$DisableAutoConfigurationContextCustomizer@ad87c39, org.springframework.boot.test.autoconfigure.filter.TypeExcludeFiltersContextCustomizer@d1d3c8bd, org.springframework.boot.test.autoconfigure.properties.PropertyMappingContextCustomizer@f0896a89, org.springframework.boot.test.autoconfigure.web.servlet.WebDriverContextCustomizerFactory$Customizer@727d355b, [ImportsContextCustomizer@5f272b3 key = [org.springframework.boot.autoconfigure.cache.CacheAutoConfiguration, org.springframework.boot.autoconfigure.context.MessageSourceAutoConfiguration, org.springframework.boot.autoconfigure.data.web.SpringDataWebAutoConfiguration, org.springframework.boot.autoconfigure.freemarker.FreeMarkerAutoConfiguration, org.springframework.boot.autoconfigure.groovy.template.GroovyTemplateAutoConfiguration, org.springframework.boot.autoconfigure.gson.GsonAutoConfiguration, org.springframework.boot.autoconfigure.hateoas.HypermediaAutoConfiguration, org.springframework.boot.autoconfigure.http.HttpMessageConvertersAutoConfiguration, org.springframework.boot.autoconfigure.jackson.JacksonAutoConfiguration, org.springframework.boot.autoconfigure.jsonb.JsonbAutoConfiguration, org.springframework.boot.autoconfigure.mustache.MustacheAutoConfiguration, org.springframework.boot.autoconfigure.task.TaskExecutionAutoConfiguration, org.springframework.boot.autoconfigure.thymeleaf.ThymeleafAutoConfiguration, org.springframework.boot.autoconfigure.validation.ValidationAutoConfiguration, org.springframework.boot.autoconfigure.web.servlet.error.ErrorMvcAutoConfiguration, org.springframework.boot.autoconfigure.web.servlet.WebMvcAutoConfiguration, org.springframework.boot.test.autoconfigure.web.servlet.MockMvcAutoConfiguration, org.springframework.boot.test.autoconfigure.web.servlet.MockMvcSecurityAutoConfiguration, org.springframework.boot.test.autoconfigure.web.servlet.MockMvcWebClientAutoConfiguration, org.springframework.boot.test.autoconfigure.web.servlet.MockMvcWebDriverAutoConfiguration]], org.springframework.boot.test.context.filter.ExcludeFilterContextCustomizer@3528689, org.springframework.boot.test.json.DuplicateJsonObjectContextCustomizerFactory$DuplicateJsonObjectContextCustomizer@74aea4c, org.springframework.boot.test.mock.mockito.MockitoContextCustomizer@0], resourceBasePath = 'src/main/webapp', contextLoader = 'org.springframework.boot.test.context.SpringBootContextLoader', parent = [null]], attributes = map[[empty]]], class annotated with @DirtiesContext [false] with mode [null].
17:59:41.300 [Test worker] DEBUG org.springframework.test.annotation.ProfileValueUtils - Retrieved @ProfileValueSourceConfiguration [null] for test class [com.ohsangmin.test.springboot.web.HelloControllerTest]
17:59:41.300 [Test worker] DEBUG org.springframework.test.annotation.ProfileValueUtils - Retrieved ProfileValueSource type [class org.springframework.test.annotation.SystemProfileValueSource] for class [com.ohsangmin.test.springboot.web.HelloControllerTest]
17:59:41.307 [Test worker] DEBUG org.springframework.test.context.support.DependencyInjectionTestExecutionListener - Performing dependency injection for test context [[DefaultTestContext@5287cd82 testClass = HelloControllerTest, testInstance = com.ohsangmin.test.springboot.web.HelloControllerTest@52038bc4, testMethod = [null], testException = [null], mergedContextConfiguration = [WebMergedContextConfiguration@ee88e44 testClass = HelloControllerTest, locations = '{}', classes = '{class com.ohsangmin.test.springboot.Application}', contextInitializerClasses = '[]', activeProfiles = '{}', propertySourceLocations = '{}', propertySourceProperties = '{org.springframework.boot.test.autoconfigure.web.servlet.WebMvcTestContextBootstrapper=true}', contextCustomizers = set[org.springframework.boot.test.autoconfigure.OverrideAutoConfigurationContextCustomizerFactory$DisableAutoConfigurationContextCustomizer@ad87c39, org.springframework.boot.test.autoconfigure.filter.TypeExcludeFiltersContextCustomizer@d1d3c8bd, org.springframework.boot.test.autoconfigure.properties.PropertyMappingContextCustomizer@f0896a89, org.springframework.boot.test.autoconfigure.web.servlet.WebDriverContextCustomizerFactory$Customizer@727d355b, [ImportsContextCustomizer@5f272b3 key = [org.springframework.boot.autoconfigure.cache.CacheAutoConfiguration, org.springframework.boot.autoconfigure.context.MessageSourceAutoConfiguration, org.springframework.boot.autoconfigure.data.web.SpringDataWebAutoConfiguration, org.springframework.boot.autoconfigure.freemarker.FreeMarkerAutoConfiguration, org.springframework.boot.autoconfigure.groovy.template.GroovyTemplateAutoConfiguration, org.springframework.boot.autoconfigure.gson.GsonAutoConfiguration, org.springframework.boot.autoconfigure.hateoas.HypermediaAutoConfiguration, org.springframework.boot.autoconfigure.http.HttpMessageConvertersAutoConfiguration, org.springframework.boot.autoconfigure.jackson.JacksonAutoConfiguration, org.springframework.boot.autoconfigure.jsonb.JsonbAutoConfiguration, org.springframework.boot.autoconfigure.mustache.MustacheAutoConfiguration, org.springframework.boot.autoconfigure.task.TaskExecutionAutoConfiguration, org.springframework.boot.autoconfigure.thymeleaf.ThymeleafAutoConfiguration, org.springframework.boot.autoconfigure.validation.ValidationAutoConfiguration, org.springframework.boot.autoconfigure.web.servlet.error.ErrorMvcAutoConfiguration, org.springframework.boot.autoconfigure.web.servlet.WebMvcAutoConfiguration, org.springframework.boot.test.autoconfigure.web.servlet.MockMvcAutoConfiguration, org.springframework.boot.test.autoconfigure.web.servlet.MockMvcSecurityAutoConfiguration, org.springframework.boot.test.autoconfigure.web.servlet.MockMvcWebClientAutoConfiguration, org.springframework.boot.test.autoconfigure.web.servlet.MockMvcWebDriverAutoConfiguration]], org.springframework.boot.test.context.filter.ExcludeFilterContextCustomizer@3528689, org.springframework.boot.test.json.DuplicateJsonObjectContextCustomizerFactory$DuplicateJsonObjectContextCustomizer@74aea4c, org.springframework.boot.test.mock.mockito.MockitoContextCustomizer@0], resourceBasePath = 'src/main/webapp', contextLoader = 'org.springframework.boot.test.context.SpringBootContextLoader', parent = [null]], attributes = map[[empty]]]].
17:59:41.479 [Test worker] DEBUG org.springframework.test.context.support.TestPropertySourceUtils - Adding inlined properties to environment: {spring.jmx.enabled=false, org.springframework.boot.test.autoconfigure.web.servlet.WebMvcTestContextBootstrapper=true, server.port=-1}

  .   ____          _            __ _ _
 /\\ / ___'_ __ _ _(_)_ __  __ _ \ \ \ \
( ( )\___ | '_ | '_| | '_ \/ _` | \ \ \ \
 \\/  ___)| |_)| | | | | || (_| |  ) ) ) )
  '  |____| .__|_| |_|_| |_\__, | / / / /
 =========|_|==============|___/=/_/_/_/
 :: Spring Boot ::        (v2.1.7.RELEASE)

2020-05-04 17:59:42.112  INFO 2406 --- [    Test worker] c.o.t.s.web.HelloControllerTest          : Starting HelloControllerTest on APPLEui-MacBookPro.local with PID 2406 (started by apple in /Users/apple/IdeaProjects/Test)
2020-05-04 17:59:42.116  INFO 2406 --- [    Test worker] c.o.t.s.web.HelloControllerTest          : No active profile set, falling back to default profiles: default
2020-05-04 17:59:44.445  INFO 2406 --- [    Test worker] o.s.s.concurrent.ThreadPoolTaskExecutor  : Initializing ExecutorService 'applicationTaskExecutor'
2020-05-04 17:59:44.595  INFO 2406 --- [    Test worker] o.s.b.a.w.s.WelcomePageHandlerMapping    : Adding welcome page template: index
2020-05-04 17:59:45.048  INFO 2406 --- [    Test worker] .s.s.UserDetailsServiceAutoConfiguration : 

Using generated security password: 8fe3e7cb-7a2a-4990-a2d5-831fc4eb59b4

2020-05-04 17:59:45.324  INFO 2406 --- [    Test worker] o.s.s.web.DefaultSecurityFilterChain     : Creating filter chain: any request, [org.springframework.security.web.context.request.async.WebAsyncManagerIntegrationFilter@337e421d, org.springframework.security.web.context.SecurityContextPersistenceFilter@100fdb21, org.springframework.security.web.header.HeaderWriterFilter@6fca5195, org.springframework.security.web.csrf.CsrfFilter@173af334, org.springframework.security.web.authentication.logout.LogoutFilter@3139230, org.springframework.security.web.authentication.UsernamePasswordAuthenticationFilter@10225b0d, org.springframework.security.web.authentication.ui.DefaultLoginPageGeneratingFilter@40e31e9c, org.springframework.security.web.authentication.ui.DefaultLogoutPageGeneratingFilter@205d7d15, org.springframework.security.web.authentication.www.BasicAuthenticationFilter@28cc2dd7, org.springframework.security.web.savedrequest.RequestCacheAwareFilter@24f49b3b, org.springframework.security.web.servletapi.SecurityContextHolderAwareRequestFilter@32da869b, org.springframework.security.web.authentication.AnonymousAuthenticationFilter@23f31bf2, org.springframework.security.web.session.SessionManagementFilter@50caed5e, org.springframework.security.web.access.ExceptionTranslationFilter@de6fe59, org.springframework.security.web.access.intercept.FilterSecurityInterceptor@78ef9624]
2020-05-04 17:59:45.390  INFO 2406 --- [    Test worker] o.s.b.t.m.w.SpringBootMockServletContext : Initializing Spring TestDispatcherServlet ''
2020-05-04 17:59:45.390  INFO 2406 --- [    Test worker] o.s.t.web.servlet.TestDispatcherServlet  : Initializing Servlet ''
2020-05-04 17:59:45.410  INFO 2406 --- [    Test worker] o.s.t.web.servlet.TestDispatcherServlet  : Completed initialization in 20 ms
2020-05-04 17:59:45.479  INFO 2406 --- [    Test worker] c.o.t.s.web.HelloControllerTest          : Started HelloControllerTest in 3.986 seconds (JVM running for 5.464)
]]></system-out>
  <system-err><![CDATA[]]></system-err>
</testsuite>
