<?xml version="1.0" encoding="UTF-8"?>
<testsuite name="com.ohsangmin.test.springboot.web.IndexControllerTest" tests="1" skipped="0" failures="0" errors="0" timestamp="2020-05-04T05:08:14" hostname="APPLEui-MacBookPro.local" time="0.549">
  <properties/>
  <testcase name="메인페이지_로딩" classname="com.ohsangmin.test.springboot.web.IndexControllerTest" time="0.549"/>
  <system-out><![CDATA[14:08:05.268 [Test worker] DEBUG org.springframework.test.context.junit4.SpringJUnit4ClassRunner - SpringJUnit4ClassRunner constructor called with [class com.ohsangmin.test.springboot.web.IndexControllerTest]
14:08:05.285 [Test worker] DEBUG org.springframework.test.context.BootstrapUtils - Instantiating CacheAwareContextLoaderDelegate from class [org.springframework.test.context.cache.DefaultCacheAwareContextLoaderDelegate]
14:08:05.301 [Test worker] DEBUG org.springframework.test.context.BootstrapUtils - Instantiating BootstrapContext using constructor [public org.springframework.test.context.support.DefaultBootstrapContext(java.lang.Class,org.springframework.test.context.CacheAwareContextLoaderDelegate)]
14:08:05.330 [Test worker] DEBUG org.springframework.test.context.BootstrapUtils - Instantiating TestContextBootstrapper for test class [com.ohsangmin.test.springboot.web.IndexControllerTest] from class [org.springframework.boot.test.context.SpringBootTestContextBootstrapper]
14:08:05.346 [Test worker] INFO org.springframework.boot.test.context.SpringBootTestContextBootstrapper - Neither @ContextConfiguration nor @ContextHierarchy found for test class [com.ohsangmin.test.springboot.web.IndexControllerTest], using SpringBootContextLoader
14:08:05.354 [Test worker] DEBUG org.springframework.test.context.support.AbstractContextLoader - Did not detect default resource location for test class [com.ohsangmin.test.springboot.web.IndexControllerTest]: class path resource [com/ohsangmin/test/springboot/web/IndexControllerTest-context.xml] does not exist
14:08:05.356 [Test worker] DEBUG org.springframework.test.context.support.AbstractContextLoader - Did not detect default resource location for test class [com.ohsangmin.test.springboot.web.IndexControllerTest]: class path resource [com/ohsangmin/test/springboot/web/IndexControllerTestContext.groovy] does not exist
14:08:05.357 [Test worker] INFO org.springframework.test.context.support.AbstractContextLoader - Could not detect default resource locations for test class [com.ohsangmin.test.springboot.web.IndexControllerTest]: no resource found for suffixes {-context.xml, Context.groovy}.
14:08:05.358 [Test worker] INFO org.springframework.test.context.support.AnnotationConfigContextLoaderUtils - Could not detect default configuration classes for test class [com.ohsangmin.test.springboot.web.IndexControllerTest]: IndexControllerTest does not declare any static, non-private, non-final, nested classes annotated with @Configuration.
14:08:05.425 [Test worker] DEBUG org.springframework.test.context.support.ActiveProfilesUtils - Could not find an 'annotation declaring class' for annotation type [org.springframework.test.context.ActiveProfiles] and class [com.ohsangmin.test.springboot.web.IndexControllerTest]
14:08:05.637 [Test worker] DEBUG org.springframework.context.annotation.ClassPathScanningCandidateComponentProvider - Identified candidate component class: file [/Users/apple/IdeaProjects/Test/build/classes/java/main/com/ohsangmin/test/springboot/Application.class]
14:08:05.638 [Test worker] INFO org.springframework.boot.test.context.SpringBootTestContextBootstrapper - Found @SpringBootConfiguration com.ohsangmin.test.springboot.Application for test class com.ohsangmin.test.springboot.web.IndexControllerTest
14:08:05.787 [Test worker] DEBUG org.springframework.boot.test.context.SpringBootTestContextBootstrapper - @TestExecutionListeners is not present for class [com.ohsangmin.test.springboot.web.IndexControllerTest]: using defaults.
14:08:05.789 [Test worker] INFO org.springframework.boot.test.context.SpringBootTestContextBootstrapper - Loaded default TestExecutionListener class names from location [META-INF/spring.factories]: [org.springframework.boot.test.autoconfigure.restdocs.RestDocsTestExecutionListener, org.springframework.boot.test.autoconfigure.web.client.MockRestServiceServerResetTestExecutionListener, org.springframework.boot.test.autoconfigure.web.servlet.MockMvcPrintOnlyOnFailureTestExecutionListener, org.springframework.boot.test.autoconfigure.web.servlet.WebDriverTestExecutionListener, org.springframework.boot.test.mock.mockito.MockitoTestExecutionListener, org.springframework.boot.test.mock.mockito.ResetMocksTestExecutionListener, org.springframework.test.context.web.ServletTestExecutionListener, org.springframework.test.context.support.DirtiesContextBeforeModesTestExecutionListener, org.springframework.test.context.support.DependencyInjectionTestExecutionListener, org.springframework.test.context.support.DirtiesContextTestExecutionListener, org.springframework.test.context.transaction.TransactionalTestExecutionListener, org.springframework.test.context.jdbc.SqlScriptsTestExecutionListener]
14:08:05.826 [Test worker] INFO org.springframework.boot.test.context.SpringBootTestContextBootstrapper - Using TestExecutionListeners: [org.springframework.test.context.web.ServletTestExecutionListener@53bbc0f9, org.springframework.test.context.support.DirtiesContextBeforeModesTestExecutionListener@f659786, org.springframework.boot.test.mock.mockito.MockitoTestExecutionListener@7eef2926, org.springframework.boot.test.autoconfigure.SpringBootDependencyInjectionTestExecutionListener@1e82276, org.springframework.test.context.support.DirtiesContextTestExecutionListener@c5996ba, org.springframework.test.context.transaction.TransactionalTestExecutionListener@2f23e910, org.springframework.test.context.jdbc.SqlScriptsTestExecutionListener@280243cb, org.springframework.boot.test.autoconfigure.restdocs.RestDocsTestExecutionListener@68b92f2f, org.springframework.boot.test.autoconfigure.web.client.MockRestServiceServerResetTestExecutionListener@289588c4, org.springframework.boot.test.autoconfigure.web.servlet.MockMvcPrintOnlyOnFailureTestExecutionListener@184e9faf, org.springframework.boot.test.autoconfigure.web.servlet.WebDriverTestExecutionListener@22689b76, org.springframework.boot.test.mock.mockito.ResetMocksTestExecutionListener@3090843]
14:08:05.834 [Test worker] DEBUG org.springframework.test.annotation.ProfileValueUtils - Retrieved @ProfileValueSourceConfiguration [null] for test class [com.ohsangmin.test.springboot.web.IndexControllerTest]
14:08:05.836 [Test worker] DEBUG org.springframework.test.annotation.ProfileValueUtils - Retrieved ProfileValueSource type [class org.springframework.test.annotation.SystemProfileValueSource] for class [com.ohsangmin.test.springboot.web.IndexControllerTest]
14:08:05.845 [Test worker] DEBUG org.springframework.test.annotation.ProfileValueUtils - Retrieved @ProfileValueSourceConfiguration [null] for test class [com.ohsangmin.test.springboot.web.IndexControllerTest]
14:08:05.848 [Test worker] DEBUG org.springframework.test.annotation.ProfileValueUtils - Retrieved ProfileValueSource type [class org.springframework.test.annotation.SystemProfileValueSource] for class [com.ohsangmin.test.springboot.web.IndexControllerTest]
14:08:05.852 [Test worker] DEBUG org.springframework.test.annotation.ProfileValueUtils - Retrieved @ProfileValueSourceConfiguration [null] for test class [com.ohsangmin.test.springboot.web.IndexControllerTest]
14:08:05.854 [Test worker] DEBUG org.springframework.test.annotation.ProfileValueUtils - Retrieved ProfileValueSource type [class org.springframework.test.annotation.SystemProfileValueSource] for class [com.ohsangmin.test.springboot.web.IndexControllerTest]
14:08:05.867 [Test worker] DEBUG org.springframework.test.context.support.AbstractDirtiesContextTestExecutionListener - Before test class: context [DefaultTestContext@3351a619 testClass = IndexControllerTest, testInstance = [null], testMethod = [null], testException = [null], mergedContextConfiguration = [WebMergedContextConfiguration@5cc2fb2d testClass = IndexControllerTest, locations = '{}', classes = '{class com.ohsangmin.test.springboot.Application}', contextInitializerClasses = '[]', activeProfiles = '{}', propertySourceLocations = '{}', propertySourceProperties = '{org.springframework.boot.test.context.SpringBootTestContextBootstrapper=true, server.port=0}', contextCustomizers = set[org.springframework.boot.test.autoconfigure.properties.PropertyMappingContextCustomizer@0, org.springframework.boot.test.autoconfigure.web.servlet.WebDriverContextCustomizerFactory$Customizer@66cf62c3, org.springframework.boot.test.context.filter.ExcludeFilterContextCustomizer@64de793b, org.springframework.boot.test.json.DuplicateJsonObjectContextCustomizerFactory$DuplicateJsonObjectContextCustomizer@48f76c7a, org.springframework.boot.test.mock.mockito.MockitoContextCustomizer@0, org.springframework.boot.test.web.client.TestRestTemplateContextCustomizer@1f39aeef], resourceBasePath = 'src/main/webapp', contextLoader = 'org.springframework.boot.test.context.SpringBootContextLoader', parent = [null]], attributes = map['org.springframework.test.context.web.ServletTestExecutionListener.activateListener' -> false]], class annotated with @DirtiesContext [false] with mode [null].
14:08:05.870 [Test worker] DEBUG org.springframework.test.annotation.ProfileValueUtils - Retrieved @ProfileValueSourceConfiguration [null] for test class [com.ohsangmin.test.springboot.web.IndexControllerTest]
14:08:05.871 [Test worker] DEBUG org.springframework.test.annotation.ProfileValueUtils - Retrieved ProfileValueSource type [class org.springframework.test.annotation.SystemProfileValueSource] for class [com.ohsangmin.test.springboot.web.IndexControllerTest]
14:08:05.880 [Test worker] DEBUG org.springframework.test.context.support.DependencyInjectionTestExecutionListener - Performing dependency injection for test context [[DefaultTestContext@3351a619 testClass = IndexControllerTest, testInstance = com.ohsangmin.test.springboot.web.IndexControllerTest@1709f23, testMethod = [null], testException = [null], mergedContextConfiguration = [WebMergedContextConfiguration@5cc2fb2d testClass = IndexControllerTest, locations = '{}', classes = '{class com.ohsangmin.test.springboot.Application}', contextInitializerClasses = '[]', activeProfiles = '{}', propertySourceLocations = '{}', propertySourceProperties = '{org.springframework.boot.test.context.SpringBootTestContextBootstrapper=true, server.port=0}', contextCustomizers = set[org.springframework.boot.test.autoconfigure.properties.PropertyMappingContextCustomizer@0, org.springframework.boot.test.autoconfigure.web.servlet.WebDriverContextCustomizerFactory$Customizer@66cf62c3, org.springframework.boot.test.context.filter.ExcludeFilterContextCustomizer@64de793b, org.springframework.boot.test.json.DuplicateJsonObjectContextCustomizerFactory$DuplicateJsonObjectContextCustomizer@48f76c7a, org.springframework.boot.test.mock.mockito.MockitoContextCustomizer@0, org.springframework.boot.test.web.client.TestRestTemplateContextCustomizer@1f39aeef], resourceBasePath = 'src/main/webapp', contextLoader = 'org.springframework.boot.test.context.SpringBootContextLoader', parent = [null]], attributes = map['org.springframework.test.context.web.ServletTestExecutionListener.activateListener' -> false]]].
14:08:05.917 [Test worker] DEBUG org.springframework.test.context.support.TestPropertySourceUtils - Adding inlined properties to environment: {spring.jmx.enabled=false, org.springframework.boot.test.context.SpringBootTestContextBootstrapper=true, server.port=0}

  .   ____          _            __ _ _
 /\\ / ___'_ __ _ _(_)_ __  __ _ \ \ \ \
( ( )\___ | '_ | '_| | '_ \/ _` | \ \ \ \
 \\/  ___)| |_)| | | | | || (_| |  ) ) ) )
  '  |____| .__|_| |_|_| |_\__, | / / / /
 =========|_|==============|___/=/_/_/_/
 :: Spring Boot ::        (v2.1.7.RELEASE)

2020-05-04 14:08:06.511  INFO 1383 --- [    Test worker] c.o.t.s.web.IndexControllerTest          : Starting IndexControllerTest on APPLEui-MacBookPro.local with PID 1383 (started by apple in /Users/apple/IdeaProjects/Test)
2020-05-04 14:08:06.516  INFO 1383 --- [    Test worker] c.o.t.s.web.IndexControllerTest          : No active profile set, falling back to default profiles: default
2020-05-04 14:08:07.811  INFO 1383 --- [    Test worker] .s.d.r.c.RepositoryConfigurationDelegate : Bootstrapping Spring Data repositories in DEFAULT mode.
2020-05-04 14:08:07.917  INFO 1383 --- [    Test worker] .s.d.r.c.RepositoryConfigurationDelegate : Finished Spring Data repository scanning in 93ms. Found 1 repository interfaces.
2020-05-04 14:08:08.606  INFO 1383 --- [    Test worker] trationDelegate$BeanPostProcessorChecker : Bean 'org.springframework.transaction.annotation.ProxyTransactionManagementConfiguration' of type [org.springframework.transaction.annotation.ProxyTransactionManagementConfiguration$$EnhancerBySpringCGLIB$$814549fd] is not eligible for getting processed by all BeanPostProcessors (for example: not eligible for auto-proxying)
2020-05-04 14:08:09.237  INFO 1383 --- [    Test worker] o.s.b.w.embedded.tomcat.TomcatWebServer  : Tomcat initialized with port(s): 0 (http)
2020-05-04 14:08:09.281  INFO 1383 --- [    Test worker] o.apache.catalina.core.StandardService   : Starting service [Tomcat]
2020-05-04 14:08:09.282  INFO 1383 --- [    Test worker] org.apache.catalina.core.StandardEngine  : Starting Servlet engine: [Apache Tomcat/9.0.22]
2020-05-04 14:08:09.461  INFO 1383 --- [    Test worker] o.a.c.c.C.[Tomcat].[localhost].[/]       : Initializing Spring embedded WebApplicationContext
2020-05-04 14:08:09.461  INFO 1383 --- [    Test worker] o.s.web.context.ContextLoader            : Root WebApplicationContext: initialization completed in 2887 ms
2020-05-04 14:08:09.980  INFO 1383 --- [    Test worker] com.zaxxer.hikari.HikariDataSource       : HikariPool-1 - Starting...
2020-05-04 14:08:10.272  INFO 1383 --- [    Test worker] com.zaxxer.hikari.HikariDataSource       : HikariPool-1 - Start completed.
2020-05-04 14:08:10.454  INFO 1383 --- [    Test worker] o.hibernate.jpa.internal.util.LogHelper  : HHH000204: Processing PersistenceUnitInfo [
	name: default
	...]
2020-05-04 14:08:10.602  INFO 1383 --- [    Test worker] org.hibernate.Version                    : HHH000412: Hibernate Core {5.3.10.Final}
2020-05-04 14:08:10.606  INFO 1383 --- [    Test worker] org.hibernate.cfg.Environment            : HHH000206: hibernate.properties not found
2020-05-04 14:08:10.875  INFO 1383 --- [    Test worker] o.hibernate.annotations.common.Version   : HCANN000001: Hibernate Commons Annotations {5.0.4.Final}
2020-05-04 14:08:11.112  INFO 1383 --- [    Test worker] org.hibernate.dialect.Dialect            : HHH000400: Using dialect: org.hibernate.dialect.MySQL5InnoDBDialect
Hibernate: drop table if exists posts
Hibernate: create table posts (id bigint not null auto_increment, created_date datetime, modified_date datetime, author varchar(255), content TEXT not null, title varchar(500) not null, primary key (id)) engine=InnoDB
2020-05-04 14:08:12.234  INFO 1383 --- [    Test worker] o.h.t.schema.internal.SchemaCreatorImpl  : HHH000476: Executing import script 'org.hibernate.tool.schema.internal.exec.ScriptSourceInputNonExistentImpl@4c208933'
2020-05-04 14:08:12.239  INFO 1383 --- [    Test worker] j.LocalContainerEntityManagerFactoryBean : Initialized JPA EntityManagerFactory for persistence unit 'default'
2020-05-04 14:08:13.300  INFO 1383 --- [    Test worker] o.s.s.concurrent.ThreadPoolTaskExecutor  : Initializing ExecutorService 'applicationTaskExecutor'
2020-05-04 14:08:13.427  WARN 1383 --- [    Test worker] aWebConfiguration$JpaWebMvcConfiguration : spring.jpa.open-in-view is enabled by default. Therefore, database queries may be performed during view rendering. Explicitly configure spring.jpa.open-in-view to disable this warning
2020-05-04 14:08:13.505  INFO 1383 --- [    Test worker] o.s.b.a.w.s.WelcomePageHandlerMapping    : Adding welcome page template: index
2020-05-04 14:08:13.990  INFO 1383 --- [    Test worker] o.s.b.w.embedded.tomcat.TomcatWebServer  : Tomcat started on port(s): 51854 (http) with context path ''
2020-05-04 14:08:13.996  INFO 1383 --- [    Test worker] c.o.t.s.web.IndexControllerTest          : Started IndexControllerTest in 8.072 seconds (JVM running for 9.875)
2020-05-04 14:08:14.327  INFO 1383 --- [o-auto-1-exec-1] o.a.c.c.C.[Tomcat].[localhost].[/]       : Initializing Spring DispatcherServlet 'dispatcherServlet'
2020-05-04 14:08:14.328  INFO 1383 --- [o-auto-1-exec-1] o.s.web.servlet.DispatcherServlet        : Initializing Servlet 'dispatcherServlet'
2020-05-04 14:08:14.360  INFO 1383 --- [o-auto-1-exec-1] o.s.web.servlet.DispatcherServlet        : Completed initialization in 32 ms
]]></system-out>
  <system-err><![CDATA[]]></system-err>
</testsuite>
